<?xml version="1.0" encoding="UTF-8"?>
<!-- Generated by org.testng.reporters.JUnitReportReporter -->
<testsuite hostname="Dell" failures="0" tests="1" name="com.capstone.test.EndToEndTestCase1" time="18.054" errors="0" timestamp="2025-09-08T17:12:48 IST" skipped="0">
  <testcase classname="com.capstone.test.EndToEndTestCase1" name="testRegisterAndLogout" time="18.054"/>
</testsuite> <!-- com.capstone.test.EndToEndTestCase1 -->
