<?xml version="1.0" encoding="UTF-8"?>
<!-- Generated by org.testng.reporters.JUnitReportReporter -->
<testsuite hostname="Dell" failures="0" tests="5" name="manualTestcaseAutomition.RegisterTestCase1" time="75.705" errors="0" timestamp="2025-09-06T14:52:24 IST" skipped="0">
  <testcase classname="manualTestcaseAutomition.RegisterTestCase1" name="testRegistrationWithInvalidData" time="18.380"/>
  <testcase classname="manualTestcaseAutomition.RegisterTestCase1" name="verifyRegisterPageFieldsAreVisible" time="18.154"/>
  <testcase classname="manualTestcaseAutomition.RegisterTestCase1" name="testValidRegistration" time="13.231"/>
  <testcase classname="manualTestcaseAutomition.RegisterTestCase1" name="testRegistrationWithoutMandatoryFields" time="15.810"/>
  <testcase classname="manualTestcaseAutomition.RegisterTestCase1" name="verifyRegisterPageIsVisible" time="10.130"/>
</testsuite> <!-- manualTestcaseAutomition.RegisterTestCase1 -->
