<?xml version="1.0" encoding="UTF-8"?>
<!-- Generated by org.testng.reporters.JUnitReportReporter -->
<testsuite hostname="Dell" failures="0" tests="1" name="com.capstone.test.EndToEndTestCase5" time="26.836" errors="0" timestamp="2025-09-08T08:40:04 IST" skipped="0">
  <testcase classname="com.capstone.test.EndToEndTestCase5" name="testCartCheckoutUpToConfirmOrder" time="26.836"/>
</testsuite> <!-- com.capstone.test.EndToEndTestCase5 -->
