<?xml version="1.0" encoding="UTF-8"?>
<!-- Generated by org.testng.reporters.JUnitReportReporter -->
<testsuite hostname="Dell" failures="0" tests="1" name="com.capstone.test.EndToEndTestCase2" time="22.932" errors="0" timestamp="2025-09-08T08:41:46 IST" skipped="0">
  <testcase classname="com.capstone.test.EndToEndTestCase2" name="testLoginSearchAddToCartLogout" time="22.932"/>
</testsuite> <!-- com.capstone.test.EndToEndTestCase2 -->
