<?xml version="1.0" encoding="UTF-8"?>
<!-- Generated by org.testng.reporters.JUnitReportReporter -->
<testsuite hostname="Dell" failures="0" tests="1" name="com.capstone.test.EndToEndTestCase3" time="20.329" errors="0" timestamp="2025-09-08T08:43:12 IST" skipped="0">
  <testcase classname="com.capstone.test.EndToEndTestCase3" name="testFeaturedProductAddToCartFlow" time="20.329"/>
</testsuite> <!-- com.capstone.test.EndToEndTestCase3 -->
