<?xml version="1.0" encoding="UTF-8"?>
<!-- Generated by org.testng.reporters.JUnitReportReporter -->
<testsuite hostname="Dell" failures="0" tests="1" name="com.capstone.test.EndToEndTestCase1" time="13.158" errors="0" timestamp="2025-09-08T13:06:44 IST" skipped="0">
  <testcase classname="com.capstone.test.EndToEndTestCase1" name="testRegisterAndLogout" time="13.158"/>
</testsuite> <!-- com.capstone.test.EndToEndTestCase1 -->
