<?xml version="1.0" encoding="UTF-8"?>
<!-- Generated by org.testng.reporters.JUnitReportReporter -->
<testsuite hostname="Dell" failures="0" tests="2" name="Register.TestCase1" time="23.717" errors="0" timestamp="2025-09-06T10:29:28 IST" skipped="0">
  <testcase classname="Register.TestCase1" name="verifyRegisterPageFieldsAreVisible" time="10.935"/>
  <testcase classname="Register.TestCase1" name="verifyRegisterPageIsVisible" time="12.782"/>
</testsuite> <!-- Register.TestCase1 -->
