<?xml version="1.0" encoding="UTF-8"?>
<!-- Generated by org.testng.reporters.JUnitReportReporter -->
<testsuite hostname="Dell" failures="0" tests="1" name="Register.RegisterTestCase1" time="16.935" errors="0" timestamp="2025-09-06T12:05:08 IST" skipped="0">
  <testcase classname="Register.RegisterTestCase1" name="verifyRegisterPageIsVisible" time="16.935"/>
</testsuite> <!-- Register.RegisterTestCase1 -->
