<?xml version="1.0" encoding="UTF-8"?>
<!-- Generated by org.testng.reporters.JUnitReportReporter -->
<testsuite hostname="Dell" failures="0" tests="1" name="com.capstone.test.EndToEndTestCases" time="36.782" errors="0" timestamp="2025-09-06T15:38:54 IST" skipped="0">
  <testcase classname="com.capstone.test.EndToEndTestCases" name="testRegisterAndLogout" time="36.782"/>
</testsuite> <!-- com.capstone.test.EndToEndTestCases -->
