<?xml version="1.0" encoding="UTF-8"?>
<!-- Generated by org.testng.reporters.JUnitReportReporter -->
<testsuite hostname="Dell" failures="0" tests="1" name="com.capstone.test.EndToEndTestCase4" time="20.499" errors="0" timestamp="2025-09-08T08:43:52 IST" skipped="0">
  <testcase classname="com.capstone.test.EndToEndTestCase4" name="testAddToWishlistFlow" time="20.499"/>
</testsuite> <!-- com.capstone.test.EndToEndTestCase4 -->
